#
# There is insufficient memory for the Java Runtime Environment to continue.
# Native memory allocation (malloc) failed to allocate 1662096 bytes for Chunk::new
# Possible reasons:
#   The system is out of physical RAM or swap space
#   The process is running with CompressedOops enabled, and the Java Heap may be blocking the growth of the native heap
# Possible solutions:
#   Reduce memory load on the system
#   Increase physical memory or swap space
#   Check if swap backing store is full
#   Decrease Java heap size (-Xmx/-Xms)
#   Decrease number of Java threads
#   Decrease Java thread stack sizes (-Xss)
#   Set larger code cache with -XX:ReservedCodeCacheSize=
#   JVM is running with Unscaled Compressed Oops mode in which the Java heap is
#     placed in the first 4GB address space. The Java Heap base address is the
#     maximum limit for the native heap growth. Please use -XX:HeapBaseMinAddress
#     to set the Java Heap base and to place the Java Heap above 4GB virtual address.
# This output file may be truncated or incomplete.
#
#  Out of Memory Error (allocation.cpp:389), pid=15624, tid=0x0000000000002ad8
#
# JRE version: Java(TM) SE Runtime Environment (8.0_301-b09) (build 1.8.0_301-b09)
# Java VM: Java HotSpot(TM) 64-Bit Server VM (25.301-b09 mixed mode windows-amd64 compressed oops)
# Failed to write core dump. Minidumps are not enabled by default on client versions of Windows
#

---------------  T H R E A D  ---------------

Current thread (0x0000028b7dc08000):  JavaThread "C2 CompilerThread1" daemon [_thread_in_native, id=10968, stack(0x0000008e68700000,0x0000008e68800000)]

Stack: [0x0000008e68700000,0x0000008e68800000]
Native frames: (J=compiled Java code, j=interpreted, Vv=VM code, C=native code)
V  [jvm.dll+0x32ed79]
V  [jvm.dll+0x275722]
V  [jvm.dll+0x2763cd]
V  [jvm.dll+0x26ce05]
V  [jvm.dll+0xd551c]
V  [jvm.dll+0xd5d1c]
V  [jvm.dll+0x470195]
V  [jvm.dll+0x437e08]
V  [jvm.dll+0x440c55]
V  [jvm.dll+0x440015]
V  [jvm.dll+0x42ae57]
V  [jvm.dll+0xac1bb]
V  [jvm.dll+0xaa81b]
V  [jvm.dll+0x23ddc2]
V  [jvm.dll+0x2923dc]
C  [ucrtbase.dll+0x214c2]
C  [KERNEL32.DLL+0x17034]
C  [ntdll.dll+0x4cec1]


Current CompileTask:
C2:   7136 3295   !   4       javafx.scene.CssStyleHelper::transitionToState (1085 bytes)


---------------  P R O C E S S  ---------------

Java Threads: ( => current thread )
  0x0000028b7f394800 JavaThread "Prism Font Disposer" daemon [_thread_blocked, id=6472, stack(0x0000008e69700000,0x0000008e69800000)]
  0x0000028b7f398000 JavaThread "mysql-cj-abandoned-connection-cleanup" daemon [_thread_blocked, id=19644, stack(0x0000008e69300000,0x0000008e69400000)]
  0x0000028b7f21f800 JavaThread "Thread-3" daemon [_thread_in_native, id=15688, stack(0x0000008e69100000,0x0000008e69200000)]
  0x0000028b7f20a000 JavaThread "JavaFX-Launcher" [_thread_blocked, id=14592, stack(0x0000008e69200000,0x0000008e69300000)]
  0x0000028b7eb30800 JavaThread "JavaFX Application Thread" [_thread_in_native, id=20020, stack(0x0000008e68d00000,0x0000008e68e00000)]
  0x0000028b7eb42800 JavaThread "Thread-1" daemon [_thread_blocked, id=17740, stack(0x0000008e68c00000,0x0000008e68d00000)]
  0x0000028b7eb03800 JavaThread "QuantumRenderer-0" daemon [_thread_blocked, id=2876, stack(0x0000008e68b00000,0x0000008e68c00000)]
  0x0000028b7dc73000 JavaThread "Service Thread" daemon [_thread_blocked, id=9004, stack(0x0000008e68900000,0x0000008e68a00000)]
  0x0000028b7dc1c800 JavaThread "C1 CompilerThread2" daemon [_thread_blocked, id=16432, stack(0x0000008e68800000,0x0000008e68900000)]
=>0x0000028b7dc08000 JavaThread "C2 CompilerThread1" daemon [_thread_in_native, id=10968, stack(0x0000008e68700000,0x0000008e68800000)]
  0x0000028b7dbfa000 JavaThread "C2 CompilerThread0" daemon [_thread_blocked, id=1760, stack(0x0000008e68600000,0x0000008e68700000)]
  0x0000028b7dbf7000 JavaThread "Attach Listener" daemon [_thread_blocked, id=19640, stack(0x0000008e68500000,0x0000008e68600000)]
  0x0000028b7dbf4800 JavaThread "Signal Dispatcher" daemon [_thread_blocked, id=17832, stack(0x0000008e68400000,0x0000008e68500000)]
  0x0000028b7dbd6000 JavaThread "Finalizer" daemon [_thread_blocked, id=9176, stack(0x0000008e68300000,0x0000008e68400000)]
  0x0000028b7d4a2000 JavaThread "Reference Handler" daemon [_thread_blocked, id=19376, stack(0x0000008e68200000,0x0000008e68300000)]
  0x0000028b674a0000 JavaThread "main" [_thread_blocked, id=5808, stack(0x0000008e67c00000,0x0000008e67d00000)]

Other Threads:
  0x0000028b7dbb2800 VMThread [stack: 0x0000008e68100000,0x0000008e68200000] [id=13164]
  0x0000028b7dc96800 WatcherThread [stack: 0x0000008e68a00000,0x0000008e68b00000] [id=15880]

VM state:not at safepoint (normal execution)

VM Mutex/Monitor currently owned by a thread: None

heap address: 0x0000000081e00000, size: 2018 MB, Compressed Oops mode: 32-bit
Narrow klass base: 0x0000000000000000, Narrow klass shift: 3
Compressed class space size: 1073741824 Address: 0x0000000100000000

Heap:
 PSYoungGen      total 71680K, used 25387K [0x00000000d5f80000, 0x00000000deb80000, 0x0000000100000000)
  eden space 66560K, 38% used [0x00000000d5f80000,0x00000000d784af48,0x00000000da080000)
  from space 5120K, 0% used [0x00000000da080000,0x00000000da080000,0x00000000da580000)
  to   space 5120K, 0% used [0x00000000de680000,0x00000000de680000,0x00000000deb80000)
 ParOldGen       total 73728K, used 20042K [0x0000000081e00000, 0x0000000086600000, 0x00000000d5f80000)
  object space 73728K, 27% used [0x0000000081e00000,0x0000000083192aa8,0x0000000086600000)
 Metaspace       used 24493K, capacity 25610K, committed 25984K, reserved 1071104K
  class space    used 3352K, capacity 3590K, committed 3712K, reserved 1048576K

Card table byte_map: [0x0000028b781c0000,0x0000028b785c0000] byte_map_base: 0x0000028b77db1000

Marking Bits: (ParMarkBitMap*) 0x0000000058f07fe0
 Begin Bits: [0x0000028b78870000, 0x0000028b7a7f8000)
 End Bits:   [0x0000028b7a7f8000, 0x0000028b7c780000)

Polling page: 0x0000028b67460000

CodeCache: size=245760Kb used=10187Kb max_used=10198Kb free=235572Kb
 bounds [0x0000028b68e00000, 0x0000028b69800000, 0x0000028b77e00000]
 total_blobs=4171 nmethods=3382 adapters=701
 compilation: enabled

Compilation events (10 events):
Event: 6.836 Thread 0x0000028b7dc1c800 nmethod 3381 0x0000028b697f5ed0 code [0x0000028b697f6080, 0x0000028b697f6950]
Event: 6.836 Thread 0x0000028b7dc1c800 3382       1       com.sun.javafx.geom.transform.AffineBase::getMyx (5 bytes)
Event: 6.836 Thread 0x0000028b7dc1c800 nmethod 3382 0x0000028b697f6bd0 code [0x0000028b697f6d20, 0x0000028b697f6e38]
Event: 6.836 Thread 0x0000028b7dc1c800 3378       3       com.sun.javafx.css.parser.LadderConverter::convert (7 bytes)
Event: 6.836 Thread 0x0000028b7dc1c800 nmethod 3378 0x0000028b697f6e90 code [0x0000028b697f7000, 0x0000028b697f7210]
Event: 6.836 Thread 0x0000028b7dc1c800 3380       3       com.sun.javafx.util.Utils::ladder (9 bytes)
Event: 6.838 Thread 0x0000028b7dc1c800 nmethod 3380 0x0000028b697f72d0 code [0x0000028b697f7480, 0x0000028b697f7930]
Event: 6.839 Thread 0x0000028b7dbfa000 nmethod 3376 0x0000028b697fa8d0 code [0x0000028b697faa20, 0x0000028b697fabf8]
Event: 6.839 Thread 0x0000028b7dbfa000 3383       4       java.lang.Math::round (56 bytes)
Event: 6.839 Thread 0x0000028b7dbfa000 nmethod 3383 0x0000028b69786750 code [0x0000028b69786880, 0x0000028b69786918]

GC Heap History (8 events):
Event: 1.091 GC heap before
{Heap before GC invocations=1 (full 0):
 PSYoungGen      total 38400K, used 33280K [0x00000000d5f80000, 0x00000000d8a00000, 0x0000000100000000)
  eden space 33280K, 100% used [0x00000000d5f80000,0x00000000d8000000,0x00000000d8000000)
  from space 5120K, 0% used [0x00000000d8500000,0x00000000d8500000,0x00000000d8a00000)
  to   space 5120K, 0% used [0x00000000d8000000,0x00000000d8000000,0x00000000d8500000)
 ParOldGen       total 87552K, used 0K [0x0000000081e00000, 0x0000000087380000, 0x00000000d5f80000)
  object space 87552K, 0% used [0x0000000081e00000,0x0000000081e00000,0x0000000087380000)
 Metaspace       used 10215K, capacity 10700K, committed 10752K, reserved 1058816K
  class space    used 1377K, capacity 1519K, committed 1536K, reserved 1048576K
Event: 1.112 GC heap after
Heap after GC invocations=1 (full 0):
 PSYoungGen      total 38400K, used 3964K [0x00000000d5f80000, 0x00000000daa80000, 0x0000000100000000)
  eden space 33280K, 0% used [0x00000000d5f80000,0x00000000d5f80000,0x00000000d8000000)
  from space 5120K, 77% used [0x00000000d8000000,0x00000000d83df240,0x00000000d8500000)
  to   space 5120K, 0% used [0x00000000da580000,0x00000000da580000,0x00000000daa80000)
 ParOldGen       total 87552K, used 12016K [0x0000000081e00000, 0x0000000087380000, 0x00000000d5f80000)
  object space 87552K, 13% used [0x0000000081e00000,0x00000000829bc010,0x0000000087380000)
 Metaspace       used 10215K, capacity 10700K, committed 10752K, reserved 1058816K
  class space    used 1377K, capacity 1519K, committed 1536K, reserved 1048576K
}
Event: 3.233 GC heap before
{Heap before GC invocations=2 (full 0):
 PSYoungGen      total 38400K, used 37244K [0x00000000d5f80000, 0x00000000daa80000, 0x0000000100000000)
  eden space 33280K, 100% used [0x00000000d5f80000,0x00000000d8000000,0x00000000d8000000)
  from space 5120K, 77% used [0x00000000d8000000,0x00000000d83df240,0x00000000d8500000)
  to   space 5120K, 0% used [0x00000000da580000,0x00000000da580000,0x00000000daa80000)
 ParOldGen       total 87552K, used 12016K [0x0000000081e00000, 0x0000000087380000, 0x00000000d5f80000)
  object space 87552K, 13% used [0x0000000081e00000,0x00000000829bc010,0x0000000087380000)
 Metaspace       used 20118K, capacity 20652K, committed 20992K, reserved 1067008K
  class space    used 2620K, capacity 2787K, committed 2816K, reserved 1048576K
Event: 3.248 GC heap after
Heap after GC invocations=2 (full 0):
 PSYoungGen      total 71680K, used 5110K [0x00000000d5f80000, 0x00000000daa80000, 0x0000000100000000)
  eden space 66560K, 0% used [0x00000000d5f80000,0x00000000d5f80000,0x00000000da080000)
  from space 5120K, 99% used [0x00000000da580000,0x00000000daa7dae8,0x00000000daa80000)
  to   space 5120K, 0% used [0x00000000da080000,0x00000000da080000,0x00000000da580000)
 ParOldGen       total 87552K, used 17006K [0x0000000081e00000, 0x0000000087380000, 0x00000000d5f80000)
  object space 87552K, 19% used [0x0000000081e00000,0x0000000082e9bb20,0x0000000087380000)
 Metaspace       used 20118K, capacity 20652K, committed 20992K, reserved 1067008K
  class space    used 2620K, capacity 2787K, committed 2816K, reserved 1048576K
}
Event: 3.286 GC heap before
{Heap before GC invocations=3 (full 0):
 PSYoungGen      total 71680K, used 8071K [0x00000000d5f80000, 0x00000000daa80000, 0x0000000100000000)
  eden space 66560K, 4% used [0x00000000d5f80000,0x00000000d6264210,0x00000000da080000)
  from space 5120K, 99% used [0x00000000da580000,0x00000000daa7dae8,0x00000000daa80000)
  to   space 5120K, 0% used [0x00000000da080000,0x00000000da080000,0x00000000da580000)
 ParOldGen       total 87552K, used 17006K [0x0000000081e00000, 0x0000000087380000, 0x00000000d5f80000)
  object space 87552K, 19% used [0x0000000081e00000,0x0000000082e9bb20,0x0000000087380000)
 Metaspace       used 20609K, capacity 21132K, committed 21296K, reserved 1067008K
  class space    used 2710K, capacity 2857K, committed 2944K, reserved 1048576K
Event: 3.294 GC heap after
Heap after GC invocations=3 (full 0):
 PSYoungGen      total 71680K, used 5092K [0x00000000d5f80000, 0x00000000deb80000, 0x0000000100000000)
  eden space 66560K, 0% used [0x00000000d5f80000,0x00000000d5f80000,0x00000000da080000)
  from space 5120K, 99% used [0x00000000da080000,0x00000000da5792d8,0x00000000da580000)
  to   space 5120K, 0% used [0x00000000de680000,0x00000000de680000,0x00000000deb80000)
 ParOldGen       total 87552K, used 17116K [0x0000000081e00000, 0x0000000087380000, 0x00000000d5f80000)
  object space 87552K, 19% used [0x0000000081e00000,0x0000000082eb7340,0x0000000087380000)
 Metaspace       used 20609K, capacity 21132K, committed 21296K, reserved 1067008K
  class space    used 2710K, capacity 2857K, committed 2944K, reserved 1048576K
}
Event: 3.295 GC heap before
{Heap before GC invocations=4 (full 1):
 PSYoungGen      total 71680K, used 5092K [0x00000000d5f80000, 0x00000000deb80000, 0x0000000100000000)
  eden space 66560K, 0% used [0x00000000d5f80000,0x00000000d5f80000,0x00000000da080000)
  from space 5120K, 99% used [0x00000000da080000,0x00000000da5792d8,0x00000000da580000)
  to   space 5120K, 0% used [0x00000000de680000,0x00000000de680000,0x00000000deb80000)
 ParOldGen       total 87552K, used 17116K [0x0000000081e00000, 0x0000000087380000, 0x00000000d5f80000)
  object space 87552K, 19% used [0x0000000081e00000,0x0000000082eb7340,0x0000000087380000)
 Metaspace       used 20609K, capacity 21132K, committed 21296K, reserved 1067008K
  class space    used 2710K, capacity 2857K, committed 2944K, reserved 1048576K
Event: 3.331 GC heap after
Heap after GC invocations=4 (full 1):
 PSYoungGen      total 71680K, used 0K [0x00000000d5f80000, 0x00000000deb80000, 0x0000000100000000)
  eden space 66560K, 0% used [0x00000000d5f80000,0x00000000d5f80000,0x00000000da080000)
  from space 5120K, 0% used [0x00000000da080000,0x00000000da080000,0x00000000da580000)
  to   space 5120K, 0% used [0x00000000de680000,0x00000000de680000,0x00000000deb80000)
 ParOldGen       total 73728K, used 20042K [0x0000000081e00000, 0x0000000086600000, 0x00000000d5f80000)
  object space 73728K, 27% used [0x0000000081e00000,0x0000000083192aa8,0x0000000086600000)
 Metaspace       used 20609K, capacity 21132K, committed 21296K, reserved 1067008K
  class space    used 2710K, capacity 2857K, committed 2944K, reserved 1048576K
}

Deoptimization events (10 events):
Event: 3.831 Thread 0x0000028b7eb30800 Uncommon trap: reason=array_check action=maybe_recompile pc=0x0000028b6959797c method=com.sun.javafx.css.SimpleSelector.applies(Ljavafx/css/Styleable;[Ljava/util/Set;I)Z @ 37
Event: 3.831 Thread 0x0000028b7eb30800 Uncommon trap: reason=array_check action=maybe_recompile pc=0x0000028b6959797c method=com.sun.javafx.css.SimpleSelector.applies(Ljavafx/css/Styleable;[Ljava/util/Set;I)Z @ 37
Event: 3.831 Thread 0x0000028b7eb30800 Uncommon trap: reason=array_check action=maybe_recompile pc=0x0000028b6959797c method=com.sun.javafx.css.SimpleSelector.applies(Ljavafx/css/Styleable;[Ljava/util/Set;I)Z @ 37
Event: 3.848 Thread 0x0000028b7eb30800 Uncommon trap: reason=unstable_if action=reinterpret pc=0x0000028b694a880c method=com.sun.javafx.css.SimpleSelector.stateMatches(Ljavafx/css/Styleable;Ljava/util/Set;)Z @ 1
Event: 3.923 Thread 0x0000028b7eb30800 Uncommon trap: reason=unstable_if action=reinterpret pc=0x0000028b695ec348 method=javafx.scene.Node.notifyParentOfBoundsChange()V @ 18
Event: 4.084 Thread 0x0000028b7eb30800 Uncommon trap: reason=unstable_if action=reinterpret pc=0x0000028b6934a994 method=jdk.internal.org.objectweb.asm.Type.getArgumentsAndReturnSizes(Ljava/lang/String;)I @ 47
Event: 4.222 Thread 0x0000028b7eb03800 Uncommon trap: reason=unstable_if action=reinterpret pc=0x0000028b695a0d5c method=java.util.WeakHashMap.eq(Ljava/lang/Object;Ljava/lang/Object;)Z @ 2
Event: 5.300 Thread 0x0000028b7eb30800 Uncommon trap: reason=unstable_if action=reinterpret pc=0x0000028b696174bc method=com.sun.javafx.css.BitSet.retainAll(Ljava/util/Collection;)Z @ 89
Event: 5.526 Thread 0x0000028b7eb30800 Uncommon trap: reason=unstable_if action=reinterpret pc=0x0000028b696caa10 method=java.lang.StrictMath.floorOrCeil(DDDD)D @ 14
Event: 5.527 Thread 0x0000028b7eb30800 Uncommon trap: reason=unstable_if action=reinterpret pc=0x0000028b695f487c method=java.lang.StrictMath.floorOrCeil(DDDD)D @ 14

Classes redefined (0 events):
No events

Internal exceptions (10 events):
Event: 0.352 Thread 0x0000028b674a0000 Exception <a 'java/security/PrivilegedActionException'> (0x00000000d6241a10) thrown at [C:\jenkins\workspace\8-2-build-windows-amd64-cygwin\jdk8u301\1513\hotspot\src\share\vm\prims\jvm.cpp, line 1523]
Event: 0.353 Thread 0x0000028b674a0000 Exception <a 'java/security/PrivilegedActionException'> (0x00000000d6245920) thrown at [C:\jenkins\workspace\8-2-build-windows-amd64-cygwin\jdk8u301\1513\hotspot\src\share\vm\prims\jvm.cpp, line 1523]
Event: 0.353 Thread 0x0000028b674a0000 Exception <a 'java/security/PrivilegedActionException'> (0x00000000d6245b30) thrown at [C:\jenkins\workspace\8-2-build-windows-amd64-cygwin\jdk8u301\1513\hotspot\src\share\vm\prims\jvm.cpp, line 1523]
Event: 0.353 Thread 0x0000028b674a0000 Exception <a 'java/lang/NullPointerException'> (0x00000000d6246108) thrown at [C:\jenkins\workspace\8-2-build-windows-amd64-cygwin\jdk8u301\1513\hotspot\src\share\vm\interpreter\linkResolver.cpp, line 1185]
Event: 0.743 Thread 0x0000028b7eb30800 Exception <a 'java/lang/NullPointerException'> (0x00000000d6c1b2b8) thrown at [C:\jenkins\workspace\8-2-build-windows-amd64-cygwin\jdk8u301\1513\hotspot\src\share\vm\interpreter\linkResolver.cpp, line 1185]
Event: 0.743 Thread 0x0000028b7eb30800 Exception <a 'java/lang/NullPointerException'> (0x00000000d6c1b2b8) thrown at [C:\jenkins\workspace\8-2-build-windows-amd64-cygwin\jdk8u301\1513\hotspot\src\share\vm\prims\jvm.cpp, line 1527]
Event: 1.064 Thread 0x0000028b7eb30800 Implicit null exception at 0x0000028b69017e16 to 0x0000028b690181bd
Event: 2.981 Thread 0x0000028b7eb30800 Implicit null exception at 0x0000028b690927f5 to 0x0000028b690929cd
Event: 2.981 Thread 0x0000028b7eb30800 Implicit null exception at 0x0000028b691f7d9b to 0x0000028b691f8245
Event: 3.848 Thread 0x0000028b7eb30800 Implicit null exception at 0x0000028b694a81a4 to 0x0000028b694a87e1

Events (10 events):
Event: 5.527 Thread 0x0000028b7eb30800 DEOPT PACKING pc=0x0000028b695f487c sp=0x0000008e68dfd0f0
Event: 5.527 Thread 0x0000028b7eb30800 DEOPT UNPACKING pc=0x0000028b68e45843 sp=0x0000008e68dfd030 mode 2
Event: 5.528 Executing VM operation: RevokeBias
Event: 5.528 Executing VM operation: RevokeBias done
Event: 5.528 Executing VM operation: RevokeBias
Event: 5.528 Executing VM operation: RevokeBias done
Event: 6.273 loading class com/sun/javafx/scene/traversal/Direction
Event: 6.273 loading class com/sun/javafx/scene/traversal/Direction done
Event: 6.274 loading class com/sun/javafx/scene/traversal/ContainerTabOrder$1
Event: 6.274 loading class com/sun/javafx/scene/traversal/ContainerTabOrder$1 done


Dynamic libraries:
0x00007ff6dfb10000 - 0x00007ff6dfb57000 	C:\Program Files\Java\jdk1.8.0_301\jre\bin\java.exe
0x00007ffbcc650000 - 0x00007ffbcc846000 	C:\Windows\SYSTEM32\ntdll.dll
0x00007ffbcb080000 - 0x00007ffbcb13d000 	C:\Windows\System32\KERNEL32.DLL
0x00007ffbc9f50000 - 0x00007ffbca218000 	C:\Windows\System32\KERNELBASE.dll
0x00007ffbca7e0000 - 0x00007ffbca88c000 	C:\Windows\System32\ADVAPI32.dll
0x00007ffbca890000 - 0x00007ffbca92e000 	C:\Windows\System32\msvcrt.dll
0x00007ffbcc570000 - 0x00007ffbcc60b000 	C:\Windows\System32\sechost.dll
0x00007ffbcb280000 - 0x00007ffbcb3a4000 	C:\Windows\System32\RPCRT4.dll
0x00007ffbcb7f0000 - 0x00007ffbcb990000 	C:\Windows\System32\USER32.dll
0x00007ffbc9f20000 - 0x00007ffbc9f42000 	C:\Windows\System32\win32u.dll
0x00007ffbcc540000 - 0x00007ffbcc56a000 	C:\Windows\System32\GDI32.dll
0x00007ffbca220000 - 0x00007ffbca329000 	C:\Windows\System32\gdi32full.dll
0x00007ffbca5b0000 - 0x00007ffbca64d000 	C:\Windows\System32\msvcp_win.dll
0x00007ffbca430000 - 0x00007ffbca530000 	C:\Windows\System32\ucrtbase.dll
0x00007ffbba890000 - 0x00007ffbbab2b000 	C:\Windows\WinSxS\amd64_microsoft.windows.common-controls_6595b64144ccf1df_6.0.19041.488_none_ca04af081b815d21\COMCTL32.dll
0x00007ffbcc0e0000 - 0x00007ffbcc110000 	C:\Windows\System32\IMM32.DLL
0x00007ffbc2ce0000 - 0x00007ffbc2cf5000 	C:\Program Files\Java\jdk1.8.0_301\jre\bin\vcruntime140.dll
0x00007ffb86800000 - 0x00007ffb8689b000 	C:\Program Files\Java\jdk1.8.0_301\jre\bin\msvcp140.dll
0x0000000058720000 - 0x0000000058f80000 	C:\Program Files\Java\jdk1.8.0_301\jre\bin\server\jvm.dll
0x00007ffbcb3b0000 - 0x00007ffbcb3b8000 	C:\Windows\System32\PSAPI.DLL
0x00007ffbb98c0000 - 0x00007ffbb98e7000 	C:\Windows\SYSTEM32\WINMM.dll
0x00007ffbc3660000 - 0x00007ffbc3669000 	C:\Windows\SYSTEM32\WSOCK32.dll
0x00007ffbcb3c0000 - 0x00007ffbcb42b000 	C:\Windows\System32\WS2_32.dll
0x00007ffbc3880000 - 0x00007ffbc388a000 	C:\Windows\SYSTEM32\VERSION.dll
0x00007ffbc7ce0000 - 0x00007ffbc7cf2000 	C:\Windows\SYSTEM32\kernel.appcore.dll
0x00007ffbb66e0000 - 0x00007ffbb66f0000 	C:\Program Files\Java\jdk1.8.0_301\jre\bin\verify.dll
0x00007ffba7f70000 - 0x00007ffba7f9b000 	C:\Program Files\Java\jdk1.8.0_301\jre\bin\java.dll
0x00007ffb9c9d0000 - 0x00007ffb9c9e8000 	C:\Program Files\Java\jdk1.8.0_301\jre\bin\zip.dll
0x00007ffbcb990000 - 0x00007ffbcc0d1000 	C:\Windows\System32\SHELL32.dll
0x00007ffbc7ee0000 - 0x00007ffbc8675000 	C:\Windows\SYSTEM32\windows.storage.dll
0x00007ffbcb430000 - 0x00007ffbcb785000 	C:\Windows\System32\combase.dll
0x00007ffbc9730000 - 0x00007ffbc975c000 	C:\Windows\SYSTEM32\Wldp.dll
0x00007ffbcaf70000 - 0x00007ffbcb01e000 	C:\Windows\System32\SHCORE.dll
0x00007ffbcb020000 - 0x00007ffbcb075000 	C:\Windows\System32\shlwapi.dll
0x00007ffbc9cc0000 - 0x00007ffbc9ce6000 	C:\Windows\SYSTEM32\profapi.dll
0x0000028b7ebe0000 - 0x0000028b7ebe3000 	C:\Program Files\Java\jdk1.8.0_301\jre\bin\api-ms-win-core-console-l1-1-0.dll
0x0000028b7ebf0000 - 0x0000028b7ebf3000 	C:\Program Files\Java\jdk1.8.0_301\jre\bin\api-ms-win-core-console-l1-2-0.dll
0x0000028b7ec00000 - 0x0000028b7ec03000 	C:\Program Files\Java\jdk1.8.0_301\jre\bin\api-ms-win-core-datetime-l1-1-0.dll
0x0000028b7ec10000 - 0x0000028b7ec13000 	C:\Program Files\Java\jdk1.8.0_301\jre\bin\api-ms-win-core-debug-l1-1-0.dll
0x0000028b7ec20000 - 0x0000028b7ec23000 	C:\Program Files\Java\jdk1.8.0_301\jre\bin\api-ms-win-core-errorhandling-l1-1-0.dll
0x0000028b7ec30000 - 0x0000028b7ec34000 	C:\Program Files\Java\jdk1.8.0_301\jre\bin\api-ms-win-core-file-l1-1-0.dll
0x0000028b7ec40000 - 0x0000028b7ec43000 	C:\Program Files\Java\jdk1.8.0_301\jre\bin\api-ms-win-core-file-l1-2-0.dll
0x0000028b7ec50000 - 0x0000028b7ec53000 	C:\Program Files\Java\jdk1.8.0_301\jre\bin\api-ms-win-core-file-l2-1-0.dll
0x0000028b7ec60000 - 0x0000028b7ec63000 	C:\Program Files\Java\jdk1.8.0_301\jre\bin\api-ms-win-core-handle-l1-1-0.dll
0x0000028b7ec70000 - 0x0000028b7ec73000 	C:\Program Files\Java\jdk1.8.0_301\jre\bin\api-ms-win-core-heap-l1-1-0.dll
0x0000028b7ec80000 - 0x0000028b7ec83000 	C:\Program Files\Java\jdk1.8.0_301\jre\bin\api-ms-win-core-interlocked-l1-1-0.dll
0x0000028b7ec90000 - 0x0000028b7ec93000 	C:\Program Files\Java\jdk1.8.0_301\jre\bin\api-ms-win-core-libraryloader-l1-1-0.dll
0x0000028b7eca0000 - 0x0000028b7eca3000 	C:\Program Files\Java\jdk1.8.0_301\jre\bin\api-ms-win-core-localization-l1-2-0.dll
0x0000028b7ecb0000 - 0x0000028b7ecb3000 	C:\Program Files\Java\jdk1.8.0_301\jre\bin\api-ms-win-core-memory-l1-1-0.dll
0x0000028b7ecc0000 - 0x0000028b7ecc3000 	C:\Program Files\Java\jdk1.8.0_301\jre\bin\api-ms-win-core-namedpipe-l1-1-0.dll
0x0000028b7ecd0000 - 0x0000028b7ecd3000 	C:\Program Files\Java\jdk1.8.0_301\jre\bin\api-ms-win-core-processenvironment-l1-1-0.dll
0x0000028b7ece0000 - 0x0000028b7ece3000 	C:\Program Files\Java\jdk1.8.0_301\jre\bin\api-ms-win-core-processthreads-l1-1-0.dll
0x0000028b7ecf0000 - 0x0000028b7ecf3000 	C:\Program Files\Java\jdk1.8.0_301\jre\bin\api-ms-win-core-processthreads-l1-1-1.dll
0x0000028b7ed00000 - 0x0000028b7ed03000 	C:\Program Files\Java\jdk1.8.0_301\jre\bin\api-ms-win-core-profile-l1-1-0.dll
0x0000028b7ed10000 - 0x0000028b7ed13000 	C:\Program Files\Java\jdk1.8.0_301\jre\bin\api-ms-win-core-rtlsupport-l1-1-0.dll
0x0000028b7ed20000 - 0x0000028b7ed23000 	C:\Program Files\Java\jdk1.8.0_301\jre\bin\api-ms-win-core-string-l1-1-0.dll
0x0000028b7ed30000 - 0x0000028b7ed33000 	C:\Program Files\Java\jdk1.8.0_301\jre\bin\api-ms-win-core-synch-l1-1-0.dll
0x0000028b7ed40000 - 0x0000028b7ed43000 	C:\Program Files\Java\jdk1.8.0_301\jre\bin\api-ms-win-core-synch-l1-2-0.dll
0x0000028b7ed50000 - 0x0000028b7ed53000 	C:\Program Files\Java\jdk1.8.0_301\jre\bin\api-ms-win-core-sysinfo-l1-1-0.dll
0x0000028b7ed60000 - 0x0000028b7ed63000 	C:\Program Files\Java\jdk1.8.0_301\jre\bin\api-ms-win-core-timezone-l1-1-0.dll
0x0000028b7ed70000 - 0x0000028b7ed73000 	C:\Program Files\Java\jdk1.8.0_301\jre\bin\api-ms-win-core-util-l1-1-0.dll
0x0000028b7ed80000 - 0x0000028b7ed83000 	C:\Program Files\Java\jdk1.8.0_301\jre\bin\api-ms-win-crt-conio-l1-1-0.dll
0x0000028b7ed90000 - 0x0000028b7ed94000 	C:\Program Files\Java\jdk1.8.0_301\jre\bin\api-ms-win-crt-convert-l1-1-0.dll
0x0000028b7eda0000 - 0x0000028b7eda3000 	C:\Program Files\Java\jdk1.8.0_301\jre\bin\api-ms-win-crt-environment-l1-1-0.dll
0x0000028b7edb0000 - 0x0000028b7edb3000 	C:\Program Files\Java\jdk1.8.0_301\jre\bin\api-ms-win-crt-filesystem-l1-1-0.dll
0x0000028b7edc0000 - 0x0000028b7edc3000 	C:\Program Files\Java\jdk1.8.0_301\jre\bin\api-ms-win-crt-heap-l1-1-0.dll
0x0000028b7edd0000 - 0x0000028b7edd3000 	C:\Program Files\Java\jdk1.8.0_301\jre\bin\api-ms-win-crt-locale-l1-1-0.dll
0x0000028b7ede0000 - 0x0000028b7ede5000 	C:\Program Files\Java\jdk1.8.0_301\jre\bin\api-ms-win-crt-math-l1-1-0.dll
0x0000028b7edf0000 - 0x0000028b7edf5000 	C:\Program Files\Java\jdk1.8.0_301\jre\bin\api-ms-win-crt-multibyte-l1-1-0.dll
0x0000028b7ee00000 - 0x0000028b7ee10000 	C:\Program Files\Java\jdk1.8.0_301\jre\bin\api-ms-win-crt-private-l1-1-0.dll
0x0000028b7ee10000 - 0x0000028b7ee13000 	C:\Program Files\Java\jdk1.8.0_301\jre\bin\api-ms-win-crt-process-l1-1-0.dll
0x0000028b7ee20000 - 0x0000028b7ee24000 	C:\Program Files\Java\jdk1.8.0_301\jre\bin\api-ms-win-crt-runtime-l1-1-0.dll
0x0000028b7ee30000 - 0x0000028b7ee34000 	C:\Program Files\Java\jdk1.8.0_301\jre\bin\api-ms-win-crt-stdio-l1-1-0.dll
0x0000028b7ee40000 - 0x0000028b7ee44000 	C:\Program Files\Java\jdk1.8.0_301\jre\bin\api-ms-win-crt-string-l1-1-0.dll
0x0000028b7ee50000 - 0x0000028b7ee53000 	C:\Program Files\Java\jdk1.8.0_301\jre\bin\api-ms-win-crt-time-l1-1-0.dll
0x0000028b7ee60000 - 0x0000028b7ee63000 	C:\Program Files\Java\jdk1.8.0_301\jre\bin\api-ms-win-crt-utility-l1-1-0.dll
0x00007ffb718b0000 - 0x00007ffb719aa000 	C:\Program Files\Java\jdk1.8.0_301\jre\bin\ucrtbase.dll
0x00007ffbbad30000 - 0x00007ffbbad3c000 	C:\Program Files\Java\jdk1.8.0_301\jre\bin\vcruntime140_1.dll
0x00007ffb96830000 - 0x00007ffb96853000 	C:\Program Files\Java\jdk1.8.0_301\jre\bin\prism_d3d.dll
0x00007ffb7e480000 - 0x00007ffb7e64e000 	C:\Windows\system32\d3d9.dll
0x00007ffbc79f0000 - 0x00007ffbc7a1f000 	C:\Windows\SYSTEM32\dwmapi.dll
0x00007ffbc7820000 - 0x00007ffbc78be000 	C:\Windows\system32\uxtheme.dll
0x00007ffb53320000 - 0x00007ffb53562000 	C:\Windows\System32\DriverStore\FileRepository\igdlh64.inf_amd64_b846bbf1e81ea3cf\igdumdim64.dll
0x00007ffb5b120000 - 0x00007ffb5e6f2000 	C:\Windows\System32\DriverStore\FileRepository\igdlh64.inf_amd64_b846bbf1e81ea3cf\igd9dxva64.dll
0x00007ffbca6b0000 - 0x00007ffbca7da000 	C:\Windows\System32\ole32.dll
0x00007ffbca930000 - 0x00007ffbca9fd000 	C:\Windows\System32\OLEAUT32.dll
0x00007ffb967e0000 - 0x00007ffb96822000 	C:\Program Files\Java\jdk1.8.0_301\jre\bin\glass.dll
0x00007ffbcc460000 - 0x00007ffbcc53a000 	C:\Windows\System32\COMDLG32.dll
0x00007ffbcb140000 - 0x00007ffbcb255000 	C:\Windows\System32\MSCTF.dll
0x00007ffbca530000 - 0x00007ffbca5af000 	C:\Windows\System32\bcryptPrimitives.dll
0x00007ffb79ac0000 - 0x00007ffb79ae4000 	C:\Windows\System32\DriverStore\FileRepository\igdlh64.inf_amd64_b846bbf1e81ea3cf\igdinfo64.dll
0x00007ffbbe370000 - 0x00007ffbc02a9000 	C:\Windows\System32\DriverStore\FileRepository\igdlh64.inf_amd64_b846bbf1e81ea3cf\igc64.dll
0x00007ffbc2910000 - 0x00007ffbc294b000 	C:\Windows\SYSTEM32\dxcore.dll
0x00007ffbca3e0000 - 0x00007ffbca42e000 	C:\Windows\System32\cfgmgr32.dll
0x00007ffb82cd0000 - 0x00007ffb82cfd000 	C:\Program Files\Java\jdk1.8.0_301\jre\bin\javafx_iio.dll
0x00007ffbbad10000 - 0x00007ffbbad24000 	C:\Program Files\Java\jdk1.8.0_301\jre\bin\javafx_font.dll
0x00007ffb9baf0000 - 0x00007ffb9bb0c000 	C:\Program Files\Java\jdk1.8.0_301\jre\bin\net.dll
0x00007ffbc94b0000 - 0x00007ffbc951a000 	C:\Windows\system32\mswsock.dll
0x00007ffbc2560000 - 0x00007ffbc2584000 	C:\Program Files\Java\jdk1.8.0_301\jre\bin\sunec.dll
0x00007ffbc91a0000 - 0x00007ffbc91db000 	C:\Windows\SYSTEM32\IPHLPAPI.DLL
0x00007ffbcaef0000 - 0x00007ffbcaef8000 	C:\Windows\System32\NSI.dll
0x00007ffbc29f0000 - 0x00007ffbc2a07000 	C:\Windows\SYSTEM32\dhcpcsvc6.DLL
0x00007ffbc28d0000 - 0x00007ffbc28ed000 	C:\Windows\SYSTEM32\dhcpcsvc.DLL
0x00007ffbc91e0000 - 0x00007ffbc92ab000 	C:\Windows\SYSTEM32\DNSAPI.dll
0x00007ffb976d0000 - 0x00007ffb976e3000 	C:\Program Files\Java\jdk1.8.0_301\jre\bin\nio.dll
0x00007ffbc9680000 - 0x00007ffbc9698000 	C:\Windows\SYSTEM32\CRYPTSP.dll
0x00007ffbc8e40000 - 0x00007ffbc8e74000 	C:\Windows\system32\rsaenh.dll
0x00007ffbc9d90000 - 0x00007ffbc9db7000 	C:\Windows\System32\bcrypt.dll
0x00007ffbc9c80000 - 0x00007ffbc9cae000 	C:\Windows\SYSTEM32\USERENV.dll
0x00007ffbc96a0000 - 0x00007ffbc96ac000 	C:\Windows\SYSTEM32\CRYPTBASE.dll
0x00007ffbbc060000 - 0x00007ffbbc06d000 	C:\Program Files\Java\jdk1.8.0_301\jre\bin\sunmscapi.dll
0x00007ffbc9dc0000 - 0x00007ffbc9f1d000 	C:\Windows\System32\CRYPT32.dll
0x00007ffbc97a0000 - 0x00007ffbc97c7000 	C:\Windows\SYSTEM32\ncrypt.dll
0x00007ffbc9760000 - 0x00007ffbc979b000 	C:\Windows\SYSTEM32\NTASN1.dll
0x00007ffbbbaa0000 - 0x00007ffbbbd1f000 	C:\Windows\SYSTEM32\dwrite.dll
0x00007ffbcc320000 - 0x00007ffbcc3c9000 	C:\Windows\System32\clbcatq.dll
0x00007ffbc3ab0000 - 0x00007ffbc3c64000 	C:\Windows\SYSTEM32\WindowsCodecs.dll
0x00007ffba02e0000 - 0x00007ffba031e000 	C:\Windows\system32\dataexchange.dll
0x00007ffbc61c0000 - 0x00007ffbc6424000 	C:\Windows\system32\d3d11.dll
0x00007ffbc6b50000 - 0x00007ffbc6d35000 	C:\Windows\system32\dcomp.dll
0x00007ffbc86e0000 - 0x00007ffbc87d3000 	C:\Windows\system32\dxgi.dll
0x00007ffbc3e90000 - 0x00007ffbc4098000 	C:\Windows\system32\twinapi.appcore.dll
0x00007ffb7ebf0000 - 0x00007ffb7ec24000 	C:\Program Files\Common Files\Microsoft Shared\Ink\rtscom.dll
0x00007ffbbd8e0000 - 0x00007ffbbd9dc000 	C:\Windows\SYSTEM32\textinputframework.dll
0x00007ffbc7420000 - 0x00007ffbc7512000 	C:\Windows\System32\CoreMessaging.dll
0x00007ffbc70c0000 - 0x00007ffbc741e000 	C:\Windows\System32\CoreUIComponents.dll
0x00007ffbc8ad0000 - 0x00007ffbc8b03000 	C:\Windows\SYSTEM32\ntmarta.dll
0x00007ffbc6430000 - 0x00007ffbc6586000 	C:\Windows\SYSTEM32\wintypes.dll

VM Arguments:
jvm_args: -Dfile.encoding=UTF-8 
java_command: C:\Users\WIN 10\Documents\UV ISOF\ConstruccionSoftware\CarojamaProyecto\dist\run623160368\CarojamaProyecto.jar
java_class_path (initial): C:\Users\WIN 10\Documents\UV ISOF\ConstruccionSoftware\CarojamaProyecto\dist\run623160368\CarojamaProyecto.jar
Launcher Type: SUN_STANDARD

Environment Variables:
PATH=C:\Program Files (x86)\Common Files\Oracle\Java\javapath;C:\Windows\system32;C:\Windows;C:\Windows\System32\Wbem;C:\Windows\System32\WindowsPowerShell\v1.0\;C:\Windows\System32\OpenSSH\;C:\Program Files\Git\cmd;C:\Program Files\nodejs\;C:\Users\WIN 10\.cargo\bin;C:\Users\WIN 10\.local\share\solana\install\active_release\bin;C:\Users\WIN 10\AppData\Local\Microsoft\WindowsApps;C:\Users\WIN 10\AppData\Local\GitHubDesktop\bin;C:\Users\WIN 10\AppData\Roaming\npm;C:\Users\WIN 10\AppData\Local\Programs\Microsoft VS Code\bin
USERNAME=WIN 10
OS=Windows_NT
PROCESSOR_IDENTIFIER=Intel64 Family 6 Model 78 Stepping 3, GenuineIntel



---------------  S Y S T E M  ---------------

OS: Windows 10.0 , 64 bit Build 19041 (10.0.19041.546)

CPU:total 4 (initial active 4) (2 cores per cpu, 2 threads per core) family 6 model 78 stepping 3, cmov, cx8, fxsr, mmx, sse, sse2, sse3, ssse3, sse4.1, sse4.2, popcnt, avx, avx2, aes, clmul, erms, rtm, 3dnowpref, lzcnt, ht, tsc, tscinvbit, bmi1, bmi2, adx

Memory: 4k page, physical 8262696k(844104k free), swap 33428520k(3128k free)

vm_info: Java HotSpot(TM) 64-Bit Server VM (25.301-b09) for windows-amd64 JRE (1.8.0_301-b09), built on Jun  9 2021 06:46:21 by "java_re" with MS VC++ 15.9 (VS2017)

time: Fri Jul 29 20:23:28 2022
timezone: Hora de verano central (México)
elapsed time: 7.169300 seconds (0d 0h 0m 7s)

